<?xml version="1.0" encoding="utf-8"?><testsuite errors="0" failures="0" name="pytest" skips="0" tests="3" time="0.326"><testcase classname="pytests.test_index" file="pytests/test_index.py" line="3" name="test_instance_types" time="0.0007588863372802734"></testcase><testcase classname="pytests.test_index" file="pytests/test_index.py" line="9" name="test_variables" time="0.0006005764007568359"></testcase><testcase classname="pytests.test_index" file="pytests/test_index.py" line="13" name="test_instance_methods" time="0.0005905628204345703"></testcase></testsuite>